<?xml version="1.0" encoding="UTF-8"?>
<!-- Generated by org.testng.reporters.JUnitXMLReporter -->
<testsuite ignored="0" hostname="Sonali-PC" failures="0" tests="9" name="Maven Test" time="0.037" errors="0" timestamp="01 Aug 2019 00:02:25 GMT">
  <testcase classname="com.qa.test.MavenTest" name="div" time="0.009"/>
  <testcase classname="com.qa.test.MavenTest" name="sub" time="0.0"/>
  <testcase classname="com.qa.test.MavenTest" name="sum" time="0.0"/>
  <testcase classname="com.qa.test.MavenTest1" name="div" time="0.001"/>
  <testcase classname="com.qa.test.MavenTest1" name="sub" time="0.0"/>
  <testcase classname="com.qa.test.MavenTest1" name="sum" time="0.0"/>
  <testcase classname="com.qa.test.MavenTest2" name="div" time="0.0"/>
  <testcase classname="com.qa.test.MavenTest2" name="sub" time="0.001"/>
  <testcase classname="com.qa.test.MavenTest2" name="sum" time="0.001"/>
</testsuite> <!-- Maven Test -->
