<?xml version="1.0" encoding="UTF-8"?>
<!-- Generated by org.testng.reporters.JUnitXMLReporter -->
<testsuite ignored="0" hostname="Sonali-PC" failures="0" tests="9" name="Maven Test" time="0.112" errors="0" timestamp="31 Jul 2019 23:47:05 GMT">
  <testcase classname="com.qa.test.MavenTest" name="div" time="0.023"/>
  <testcase classname="com.qa.test.MavenTest" name="sub" time="0.003"/>
  <testcase classname="com.qa.test.MavenTest" name="sum" time="0.006"/>
  <testcase classname="com.qa.test.MavenTest1" name="div" time="0.002"/>
  <testcase classname="com.qa.test.MavenTest1" name="sub" time="0.001"/>
  <testcase classname="com.qa.test.MavenTest1" name="sum" time="0.002"/>
  <testcase classname="com.qa.test.MavenTest2" name="div" time="0.002"/>
  <testcase classname="com.qa.test.MavenTest2" name="sub" time="0.001"/>
  <testcase classname="com.qa.test.MavenTest2" name="sum" time="0.004"/>
</testsuite> <!-- Maven Test -->
