<?xml version="1.0" encoding="UTF-8"?>
<testng-results ignored="0" total="9" passed="9" failed="0" skipped="0">
  <reporter-output>
  </reporter-output>
  <suite started-at="2019-08-01T00:02:25Z" name="Maven Suite" finished-at="2019-08-01T00:02:25Z" duration-ms="37">
    <groups>
    </groups>
    <test started-at="2019-08-01T00:02:25Z" name="Maven Test" finished-at="2019-08-01T00:02:25Z" duration-ms="37">
      <class name="com.qa.test.MavenTest2">
        <test-method signature="div()[pri:0, instance:com.qa.test.MavenTest2@5656be13]" started-at="2019-07-31T20:02:25Z" name="div" finished-at="2019-07-31T20:02:25Z" duration-ms="0" status="PASS">
          <reporter-output>
          </reporter-output>
        </test-method> <!-- div -->
        <test-method signature="sub()[pri:0, instance:com.qa.test.MavenTest2@5656be13]" started-at="2019-07-31T20:02:25Z" name="sub" finished-at="2019-07-31T20:02:25Z" duration-ms="1" status="PASS">
          <reporter-output>
          </reporter-output>
        </test-method> <!-- sub -->
        <test-method signature="sum()[pri:0, instance:com.qa.test.MavenTest2@5656be13]" started-at="2019-07-31T20:02:25Z" name="sum" finished-at="2019-07-31T20:02:25Z" duration-ms="1" status="PASS">
          <reporter-output>
          </reporter-output>
        </test-method> <!-- sum -->
      </class> <!-- com.qa.test.MavenTest2 -->
      <class name="com.qa.test.MavenTest">
        <test-method signature="div()[pri:0, instance:com.qa.test.MavenTest@47eaca72]" started-at="2019-07-31T20:02:25Z" name="div" finished-at="2019-07-31T20:02:25Z" duration-ms="9" status="PASS">
          <reporter-output>
          </reporter-output>
        </test-method> <!-- div -->
        <test-method signature="sub()[pri:0, instance:com.qa.test.MavenTest@47eaca72]" started-at="2019-07-31T20:02:25Z" name="sub" finished-at="2019-07-31T20:02:25Z" duration-ms="0" status="PASS">
          <reporter-output>
          </reporter-output>
        </test-method> <!-- sub -->
        <test-method signature="sum()[pri:0, instance:com.qa.test.MavenTest@47eaca72]" started-at="2019-07-31T20:02:25Z" name="sum" finished-at="2019-07-31T20:02:25Z" duration-ms="0" status="PASS">
          <reporter-output>
          </reporter-output>
        </test-method> <!-- sum -->
      </class> <!-- com.qa.test.MavenTest -->
      <class name="com.qa.test.MavenTest1">
        <test-method signature="div()[pri:0, instance:com.qa.test.MavenTest1@235834f2]" started-at="2019-07-31T20:02:25Z" name="div" finished-at="2019-07-31T20:02:25Z" duration-ms="1" status="PASS">
          <reporter-output>
          </reporter-output>
        </test-method> <!-- div -->
        <test-method signature="sub()[pri:0, instance:com.qa.test.MavenTest1@235834f2]" started-at="2019-07-31T20:02:25Z" name="sub" finished-at="2019-07-31T20:02:25Z" duration-ms="0" status="PASS">
          <reporter-output>
          </reporter-output>
        </test-method> <!-- sub -->
        <test-method signature="sum()[pri:0, instance:com.qa.test.MavenTest1@235834f2]" started-at="2019-07-31T20:02:25Z" name="sum" finished-at="2019-07-31T20:02:25Z" duration-ms="0" status="PASS">
          <reporter-output>
          </reporter-output>
        </test-method> <!-- sum -->
      </class> <!-- com.qa.test.MavenTest1 -->
    </test> <!-- Maven Test -->
  </suite> <!-- Maven Suite -->
</testng-results>
