<?xml version="1.0" encoding="UTF-8"?>
<testng-results ignored="0" total="9" passed="9" failed="0" skipped="0">
  <reporter-output>
  </reporter-output>
  <suite started-at="2019-07-31T23:47:05Z" name="Maven Suite" finished-at="2019-07-31T23:47:05Z" duration-ms="112">
    <groups>
    </groups>
    <test started-at="2019-07-31T23:47:05Z" name="Maven Test" finished-at="2019-07-31T23:47:05Z" duration-ms="112">
      <class name="com.qa.test.MavenTest2">
        <test-method signature="div()[pri:0, instance:com.qa.test.MavenTest2@11fc564b]" started-at="2019-07-31T19:47:05Z" name="div" finished-at="2019-07-31T19:47:05Z" duration-ms="2" status="PASS">
          <reporter-output>
          </reporter-output>
        </test-method> <!-- div -->
        <test-method signature="sub()[pri:0, instance:com.qa.test.MavenTest2@11fc564b]" started-at="2019-07-31T19:47:05Z" name="sub" finished-at="2019-07-31T19:47:05Z" duration-ms="1" status="PASS">
          <reporter-output>
          </reporter-output>
        </test-method> <!-- sub -->
        <test-method signature="sum()[pri:0, instance:com.qa.test.MavenTest2@11fc564b]" started-at="2019-07-31T19:47:05Z" name="sum" finished-at="2019-07-31T19:47:05Z" duration-ms="4" status="PASS">
          <reporter-output>
          </reporter-output>
        </test-method> <!-- sum -->
      </class> <!-- com.qa.test.MavenTest2 -->
      <class name="com.qa.test.MavenTest">
        <test-method signature="div()[pri:0, instance:com.qa.test.MavenTest@5609159b]" started-at="2019-07-31T19:47:05Z" name="div" finished-at="2019-07-31T19:47:05Z" duration-ms="23" status="PASS">
          <reporter-output>
          </reporter-output>
        </test-method> <!-- div -->
        <test-method signature="sub()[pri:0, instance:com.qa.test.MavenTest@5609159b]" started-at="2019-07-31T19:47:05Z" name="sub" finished-at="2019-07-31T19:47:05Z" duration-ms="3" status="PASS">
          <reporter-output>
          </reporter-output>
        </test-method> <!-- sub -->
        <test-method signature="sum()[pri:0, instance:com.qa.test.MavenTest@5609159b]" started-at="2019-07-31T19:47:05Z" name="sum" finished-at="2019-07-31T19:47:05Z" duration-ms="6" status="PASS">
          <reporter-output>
          </reporter-output>
        </test-method> <!-- sum -->
      </class> <!-- com.qa.test.MavenTest -->
      <class name="com.qa.test.MavenTest1">
        <test-method signature="div()[pri:0, instance:com.qa.test.MavenTest1@76ed1b7c]" started-at="2019-07-31T19:47:05Z" name="div" finished-at="2019-07-31T19:47:05Z" duration-ms="2" status="PASS">
          <reporter-output>
          </reporter-output>
        </test-method> <!-- div -->
        <test-method signature="sub()[pri:0, instance:com.qa.test.MavenTest1@76ed1b7c]" started-at="2019-07-31T19:47:05Z" name="sub" finished-at="2019-07-31T19:47:05Z" duration-ms="1" status="PASS">
          <reporter-output>
          </reporter-output>
        </test-method> <!-- sub -->
        <test-method signature="sum()[pri:0, instance:com.qa.test.MavenTest1@76ed1b7c]" started-at="2019-07-31T19:47:05Z" name="sum" finished-at="2019-07-31T19:47:05Z" duration-ms="2" status="PASS">
          <reporter-output>
          </reporter-output>
        </test-method> <!-- sum -->
      </class> <!-- com.qa.test.MavenTest1 -->
    </test> <!-- Maven Test -->
  </suite> <!-- Maven Suite -->
</testng-results>
